Determining if the pthread_create exist failed with the following output:
Change Dir: /home/pf/rosWS/build/CMakeFiles/CMakeTmp

Run Build Command:/usr/bin/make "cmTryCompileExec1861109074/fast"
/usr/bin/make -f CMakeFiles/cmTryCompileExec1861109074.dir/build.make CMakeFiles/cmTryCompileExec1861109074.dir/build
make[1]: Entering directory `/home/pf/rosWS/build/CMakeFiles/CMakeTmp'
/usr/bin/cmake -E cmake_progress_report /home/pf/rosWS/build/CMakeFiles/CMakeTmp/CMakeFiles 1
Building C object CMakeFiles/cmTryCompileExec1861109074.dir/CheckSymbolExists.c.o
/usr/bin/cc    -o CMakeFiles/cmTryCompileExec1861109074.dir/CheckSymbolExists.c.o   -c /home/pf/rosWS/build/CMakeFiles/CMakeTmp/CheckSymbolExists.c
Linking C executable cmTryCompileExec1861109074
/usr/bin/cmake -E cmake_link_script CMakeFiles/cmTryCompileExec1861109074.dir/link.txt --verbose=1
/usr/bin/cc       CMakeFiles/cmTryCompileExec1861109074.dir/CheckSymbolExists.c.o  -o cmTryCompileExec1861109074 -rdynamic 
CMakeFiles/cmTryCompileExec1861109074.dir/CheckSymbolExists.c.o: In function `main':
CheckSymbolExists.c:(.text+0x16): undefined reference to `pthread_create'
collect2: error: ld returned 1 exit status
make[1]: *** [cmTryCompileExec1861109074] Error 1
make[1]: Leaving directory `/home/pf/rosWS/build/CMakeFiles/CMakeTmp'
make: *** [cmTryCompileExec1861109074/fast] Error 2

File /home/pf/rosWS/build/CMakeFiles/CMakeTmp/CheckSymbolExists.c:
/* */
#include <pthread.h>

int main(int argc, char** argv)
{
  (void)argv;
#ifndef pthread_create
  return ((int*)(&pthread_create))[argc];
#else
  (void)argc;
  return 0;
#endif
}

Determining if the function pthread_create exists in the pthreads failed with the following output:
Change Dir: /home/pf/rosWS/build/CMakeFiles/CMakeTmp

Run Build Command:/usr/bin/make "cmTryCompileExec1822943089/fast"
/usr/bin/make -f CMakeFiles/cmTryCompileExec1822943089.dir/build.make CMakeFiles/cmTryCompileExec1822943089.dir/build
make[1]: Entering directory `/home/pf/rosWS/build/CMakeFiles/CMakeTmp'
/usr/bin/cmake -E cmake_progress_report /home/pf/rosWS/build/CMakeFiles/CMakeTmp/CMakeFiles 1
Building C object CMakeFiles/cmTryCompileExec1822943089.dir/CheckFunctionExists.c.o
/usr/bin/cc   -DCHECK_FUNCTION_EXISTS=pthread_create   -o CMakeFiles/cmTryCompileExec1822943089.dir/CheckFunctionExists.c.o   -c /usr/share/cmake-2.8/Modules/CheckFunctionExists.c
Linking C executable cmTryCompileExec1822943089
/usr/bin/cmake -E cmake_link_script CMakeFiles/cmTryCompileExec1822943089.dir/link.txt --verbose=1
/usr/bin/cc   -DCHECK_FUNCTION_EXISTS=pthread_create    CMakeFiles/cmTryCompileExec1822943089.dir/CheckFunctionExists.c.o  -o cmTryCompileExec1822943089 -rdynamic -lpthreads 
/usr/bin/ld: cannot find -lpthreads
collect2: error: ld returned 1 exit status
make[1]: *** [cmTryCompileExec1822943089] Error 1
make[1]: Leaving directory `/home/pf/rosWS/build/CMakeFiles/CMakeTmp'
make: *** [cmTryCompileExec1822943089/fast] Error 2


Determining if the Q_WS_WIN exist failed with the following output:
Change Dir: /home/pf/rosWS/build/CMakeFiles/CMakeTmp

Run Build Command:/usr/bin/make "cmTryCompileExec151230401/fast"
/usr/bin/make -f CMakeFiles/cmTryCompileExec151230401.dir/build.make CMakeFiles/cmTryCompileExec151230401.dir/build
make[1]: Entering directory `/home/pf/rosWS/build/CMakeFiles/CMakeTmp'
/usr/bin/cmake -E cmake_progress_report /home/pf/rosWS/build/CMakeFiles/CMakeTmp/CMakeFiles 1
Building CXX object CMakeFiles/cmTryCompileExec151230401.dir/CheckSymbolExists.cxx.o
/usr/bin/c++    -I/usr/include/qt4    -o CMakeFiles/cmTryCompileExec151230401.dir/CheckSymbolExists.cxx.o -c /home/pf/rosWS/build/CMakeFiles/CMakeTmp/CheckSymbolExists.cxx
/home/pf/rosWS/build/CMakeFiles/CMakeTmp/CheckSymbolExists.cxx: In function ‘int main(int, char**)’:
/home/pf/rosWS/build/CMakeFiles/CMakeTmp/CheckSymbolExists.cxx:8:19: error: ‘Q_WS_WIN’ was not declared in this scope
   return ((int*)(&Q_WS_WIN))[argc];
                   ^
make[1]: *** [CMakeFiles/cmTryCompileExec151230401.dir/CheckSymbolExists.cxx.o] Error 1
make[1]: Leaving directory `/home/pf/rosWS/build/CMakeFiles/CMakeTmp'
make: *** [cmTryCompileExec151230401/fast] Error 2

File /home/pf/rosWS/build/CMakeFiles/CMakeTmp/CheckSymbolExists.cxx:
/* */
#include <QtCore/qglobal.h>

int main(int argc, char** argv)
{
  (void)argv;
#ifndef Q_WS_WIN
  return ((int*)(&Q_WS_WIN))[argc];
#else
  (void)argc;
  return 0;
#endif
}

Determining if the Q_WS_QWS exist failed with the following output:
Change Dir: /home/pf/rosWS/build/CMakeFiles/CMakeTmp

Run Build Command:/usr/bin/make "cmTryCompileExec1221525688/fast"
/usr/bin/make -f CMakeFiles/cmTryCompileExec1221525688.dir/build.make CMakeFiles/cmTryCompileExec1221525688.dir/build
make[1]: Entering directory `/home/pf/rosWS/build/CMakeFiles/CMakeTmp'
/usr/bin/cmake -E cmake_progress_report /home/pf/rosWS/build/CMakeFiles/CMakeTmp/CMakeFiles 1
Building CXX object CMakeFiles/cmTryCompileExec1221525688.dir/CheckSymbolExists.cxx.o
/usr/bin/c++    -I/usr/include/qt4    -o CMakeFiles/cmTryCompileExec1221525688.dir/CheckSymbolExists.cxx.o -c /home/pf/rosWS/build/CMakeFiles/CMakeTmp/CheckSymbolExists.cxx
/home/pf/rosWS/build/CMakeFiles/CMakeTmp/CheckSymbolExists.cxx: In function ‘int main(int, char**)’:
/home/pf/rosWS/build/CMakeFiles/CMakeTmp/CheckSymbolExists.cxx:8:19: error: ‘Q_WS_QWS’ was not declared in this scope
   return ((int*)(&Q_WS_QWS))[argc];
                   ^
make[1]: *** [CMakeFiles/cmTryCompileExec1221525688.dir/CheckSymbolExists.cxx.o] Error 1
make[1]: Leaving directory `/home/pf/rosWS/build/CMakeFiles/CMakeTmp'
make: *** [cmTryCompileExec1221525688/fast] Error 2

File /home/pf/rosWS/build/CMakeFiles/CMakeTmp/CheckSymbolExists.cxx:
/* */
#include <QtCore/qglobal.h>

int main(int argc, char** argv)
{
  (void)argv;
#ifndef Q_WS_QWS
  return ((int*)(&Q_WS_QWS))[argc];
#else
  (void)argc;
  return 0;
#endif
}

Determining if the Q_WS_MAC exist failed with the following output:
Change Dir: /home/pf/rosWS/build/CMakeFiles/CMakeTmp

Run Build Command:/usr/bin/make "cmTryCompileExec3414079952/fast"
/usr/bin/make -f CMakeFiles/cmTryCompileExec3414079952.dir/build.make CMakeFiles/cmTryCompileExec3414079952.dir/build
make[1]: Entering directory `/home/pf/rosWS/build/CMakeFiles/CMakeTmp'
/usr/bin/cmake -E cmake_progress_report /home/pf/rosWS/build/CMakeFiles/CMakeTmp/CMakeFiles 1
Building CXX object CMakeFiles/cmTryCompileExec3414079952.dir/CheckSymbolExists.cxx.o
/usr/bin/c++    -I/usr/include/qt4    -o CMakeFiles/cmTryCompileExec3414079952.dir/CheckSymbolExists.cxx.o -c /home/pf/rosWS/build/CMakeFiles/CMakeTmp/CheckSymbolExists.cxx
/home/pf/rosWS/build/CMakeFiles/CMakeTmp/CheckSymbolExists.cxx: In function ‘int main(int, char**)’:
/home/pf/rosWS/build/CMakeFiles/CMakeTmp/CheckSymbolExists.cxx:8:19: error: ‘Q_WS_MAC’ was not declared in this scope
   return ((int*)(&Q_WS_MAC))[argc];
                   ^
make[1]: Leaving directory `/home/pf/rosWS/build/CMakeFiles/CMakeTmp'
make[1]: *** [CMakeFiles/cmTryCompileExec3414079952.dir/CheckSymbolExists.cxx.o] Error 1
make: *** [cmTryCompileExec3414079952/fast] Error 2

File /home/pf/rosWS/build/CMakeFiles/CMakeTmp/CheckSymbolExists.cxx:
/* */
#include <QtCore/qglobal.h>

int main(int argc, char** argv)
{
  (void)argv;
#ifndef Q_WS_MAC
  return ((int*)(&Q_WS_MAC))[argc];
#else
  (void)argc;
  return 0;
#endif
}

Determining if the pthread_create exist failed with the following output:
Change Dir: /home/pf/rosWS/build/CMakeFiles/CMakeTmp

Run Build Command:/usr/bin/make "cmTryCompileExec2948524636/fast"
/usr/bin/make -f CMakeFiles/cmTryCompileExec2948524636.dir/build.make CMakeFiles/cmTryCompileExec2948524636.dir/build
make[1]: Entering directory `/home/pf/rosWS/build/CMakeFiles/CMakeTmp'
/usr/bin/cmake -E cmake_progress_report /home/pf/rosWS/build/CMakeFiles/CMakeTmp/CMakeFiles 1
Building C object CMakeFiles/cmTryCompileExec2948524636.dir/CheckSymbolExists.c.o
/usr/bin/cc    -o CMakeFiles/cmTryCompileExec2948524636.dir/CheckSymbolExists.c.o   -c /home/pf/rosWS/build/CMakeFiles/CMakeTmp/CheckSymbolExists.c
Linking C executable cmTryCompileExec2948524636
/usr/bin/cmake -E cmake_link_script CMakeFiles/cmTryCompileExec2948524636.dir/link.txt --verbose=1
/usr/bin/cc       CMakeFiles/cmTryCompileExec2948524636.dir/CheckSymbolExists.c.o  -o cmTryCompileExec2948524636 -rdynamic 
CMakeFiles/cmTryCompileExec2948524636.dir/CheckSymbolExists.c.o: In function `main':
CheckSymbolExists.c:(.text+0x16): undefined reference to `pthread_create'
collect2: error: ld returned 1 exit status
make[1]: *** [cmTryCompileExec2948524636] Error 1
make[1]: Leaving directory `/home/pf/rosWS/build/CMakeFiles/CMakeTmp'
make: *** [cmTryCompileExec2948524636/fast] Error 2

File /home/pf/rosWS/build/CMakeFiles/CMakeTmp/CheckSymbolExists.c:
/* */
#include <pthread.h>

int main(int argc, char** argv)
{
  (void)argv;
#ifndef pthread_create
  return ((int*)(&pthread_create))[argc];
#else
  (void)argc;
  return 0;
#endif
}

Determining if the function pthread_create exists in the pthreads failed with the following output:
Change Dir: /home/pf/rosWS/build/CMakeFiles/CMakeTmp

Run Build Command:/usr/bin/make "cmTryCompileExec27049141/fast"
/usr/bin/make -f CMakeFiles/cmTryCompileExec27049141.dir/build.make CMakeFiles/cmTryCompileExec27049141.dir/build
make[1]: Entering directory `/home/pf/rosWS/build/CMakeFiles/CMakeTmp'
/usr/bin/cmake -E cmake_progress_report /home/pf/rosWS/build/CMakeFiles/CMakeTmp/CMakeFiles 1
Building C object CMakeFiles/cmTryCompileExec27049141.dir/CheckFunctionExists.c.o
/usr/bin/cc   -DCHECK_FUNCTION_EXISTS=pthread_create   -o CMakeFiles/cmTryCompileExec27049141.dir/CheckFunctionExists.c.o   -c /usr/share/cmake-2.8/Modules/CheckFunctionExists.c
Linking C executable cmTryCompileExec27049141
/usr/bin/cmake -E cmake_link_script CMakeFiles/cmTryCompileExec27049141.dir/link.txt --verbose=1
/usr/bin/cc   -DCHECK_FUNCTION_EXISTS=pthread_create    CMakeFiles/cmTryCompileExec27049141.dir/CheckFunctionExists.c.o  -o cmTryCompileExec27049141 -rdynamic -lpthreads 
/usr/bin/ld: cannot find -lpthreads
collect2: error: ld returned 1 exit status
make[1]: *** [cmTryCompileExec27049141] Error 1
make[1]: Leaving directory `/home/pf/rosWS/build/CMakeFiles/CMakeTmp'
make: *** [cmTryCompileExec27049141/fast] Error 2


Determining if the Q_WS_WIN exist failed with the following output:
Change Dir: /home/pf/rosWS/build/CMakeFiles/CMakeTmp

Run Build Command:/usr/bin/make "cmTryCompileExec3322993493/fast"
/usr/bin/make -f CMakeFiles/cmTryCompileExec3322993493.dir/build.make CMakeFiles/cmTryCompileExec3322993493.dir/build
make[1]: Entering directory `/home/pf/rosWS/build/CMakeFiles/CMakeTmp'
/usr/bin/cmake -E cmake_progress_report /home/pf/rosWS/build/CMakeFiles/CMakeTmp/CMakeFiles 1
Building CXX object CMakeFiles/cmTryCompileExec3322993493.dir/CheckSymbolExists.cxx.o
/usr/bin/c++    -I/usr/include/qt4    -o CMakeFiles/cmTryCompileExec3322993493.dir/CheckSymbolExists.cxx.o -c /home/pf/rosWS/build/CMakeFiles/CMakeTmp/CheckSymbolExists.cxx
/home/pf/rosWS/build/CMakeFiles/CMakeTmp/CheckSymbolExists.cxx: In function ‘int main(int, char**)’:
/home/pf/rosWS/build/CMakeFiles/CMakeTmp/CheckSymbolExists.cxx:8:19: error: ‘Q_WS_WIN’ was not declared in this scope
   return ((int*)(&Q_WS_WIN))[argc];
                   ^
make[1]: *** [CMakeFiles/cmTryCompileExec3322993493.dir/CheckSymbolExists.cxx.o] Error 1
make[1]: Leaving directory `/home/pf/rosWS/build/CMakeFiles/CMakeTmp'
make: *** [cmTryCompileExec3322993493/fast] Error 2

File /home/pf/rosWS/build/CMakeFiles/CMakeTmp/CheckSymbolExists.cxx:
/* */
#include <QtCore/qglobal.h>

int main(int argc, char** argv)
{
  (void)argv;
#ifndef Q_WS_WIN
  return ((int*)(&Q_WS_WIN))[argc];
#else
  (void)argc;
  return 0;
#endif
}

Determining if the Q_WS_QWS exist failed with the following output:
Change Dir: /home/pf/rosWS/build/CMakeFiles/CMakeTmp

Run Build Command:/usr/bin/make "cmTryCompileExec52612693/fast"
/usr/bin/make -f CMakeFiles/cmTryCompileExec52612693.dir/build.make CMakeFiles/cmTryCompileExec52612693.dir/build
make[1]: Entering directory `/home/pf/rosWS/build/CMakeFiles/CMakeTmp'
/usr/bin/cmake -E cmake_progress_report /home/pf/rosWS/build/CMakeFiles/CMakeTmp/CMakeFiles 1
Building CXX object CMakeFiles/cmTryCompileExec52612693.dir/CheckSymbolExists.cxx.o
/usr/bin/c++    -I/usr/include/qt4    -o CMakeFiles/cmTryCompileExec52612693.dir/CheckSymbolExists.cxx.o -c /home/pf/rosWS/build/CMakeFiles/CMakeTmp/CheckSymbolExists.cxx
/home/pf/rosWS/build/CMakeFiles/CMakeTmp/CheckSymbolExists.cxx: In function ‘int main(int, char**)’:
/home/pf/rosWS/build/CMakeFiles/CMakeTmp/CheckSymbolExists.cxx:8:19: error: ‘Q_WS_QWS’ was not declared in this scope
   return ((int*)(&Q_WS_QWS))[argc];
                   ^
make[1]: *** [CMakeFiles/cmTryCompileExec52612693.dir/CheckSymbolExists.cxx.o] Error 1
make[1]: Leaving directory `/home/pf/rosWS/build/CMakeFiles/CMakeTmp'
make: *** [cmTryCompileExec52612693/fast] Error 2

File /home/pf/rosWS/build/CMakeFiles/CMakeTmp/CheckSymbolExists.cxx:
/* */
#include <QtCore/qglobal.h>

int main(int argc, char** argv)
{
  (void)argv;
#ifndef Q_WS_QWS
  return ((int*)(&Q_WS_QWS))[argc];
#else
  (void)argc;
  return 0;
#endif
}

Determining if the Q_WS_MAC exist failed with the following output:
Change Dir: /home/pf/rosWS/build/CMakeFiles/CMakeTmp

Run Build Command:/usr/bin/make "cmTryCompileExec4261789920/fast"
/usr/bin/make -f CMakeFiles/cmTryCompileExec4261789920.dir/build.make CMakeFiles/cmTryCompileExec4261789920.dir/build
make[1]: Entering directory `/home/pf/rosWS/build/CMakeFiles/CMakeTmp'
/usr/bin/cmake -E cmake_progress_report /home/pf/rosWS/build/CMakeFiles/CMakeTmp/CMakeFiles 1
Building CXX object CMakeFiles/cmTryCompileExec4261789920.dir/CheckSymbolExists.cxx.o
/usr/bin/c++    -I/usr/include/qt4    -o CMakeFiles/cmTryCompileExec4261789920.dir/CheckSymbolExists.cxx.o -c /home/pf/rosWS/build/CMakeFiles/CMakeTmp/CheckSymbolExists.cxx
/home/pf/rosWS/build/CMakeFiles/CMakeTmp/CheckSymbolExists.cxx: In function ‘int main(int, char**)’:
/home/pf/rosWS/build/CMakeFiles/CMakeTmp/CheckSymbolExists.cxx:8:19: error: ‘Q_WS_MAC’ was not declared in this scope
   return ((int*)(&Q_WS_MAC))[argc];
                   ^
make[1]: *** [CMakeFiles/cmTryCompileExec4261789920.dir/CheckSymbolExists.cxx.o] Error 1
make[1]: Leaving directory `/home/pf/rosWS/build/CMakeFiles/CMakeTmp'
make: *** [cmTryCompileExec4261789920/fast] Error 2

File /home/pf/rosWS/build/CMakeFiles/CMakeTmp/CheckSymbolExists.cxx:
/* */
#include <QtCore/qglobal.h>

int main(int argc, char** argv)
{
  (void)argv;
#ifndef Q_WS_MAC
  return ((int*)(&Q_WS_MAC))[argc];
#else
  (void)argc;
  return 0;
#endif
}

Determining if the include file pgm.h exists failed with the following output:
Change Dir: /home/pf/rosWS/build/CMakeFiles/CMakeTmp

Run Build Command:/usr/bin/make "cmTryCompileExec4275590112/fast"
/usr/bin/make -f CMakeFiles/cmTryCompileExec4275590112.dir/build.make CMakeFiles/cmTryCompileExec4275590112.dir/build
make[1]: Entering directory `/home/pf/rosWS/build/CMakeFiles/CMakeTmp'
/usr/bin/cmake -E cmake_progress_report /home/pf/rosWS/build/CMakeFiles/CMakeTmp/CMakeFiles 1
Building CXX object CMakeFiles/cmTryCompileExec4275590112.dir/CheckIncludeFile.cxx.o
/usr/bin/c++    -Wno-deprecated    -o CMakeFiles/cmTryCompileExec4275590112.dir/CheckIncludeFile.cxx.o -c /home/pf/rosWS/build/CMakeFiles/CMakeTmp/CheckIncludeFile.cxx
/home/pf/rosWS/build/CMakeFiles/CMakeTmp/CheckIncludeFile.cxx:1:17: fatal error: pgm.h: No such file or directory
 #include <pgm.h>
                 ^
compilation terminated.
make[1]: *** [CMakeFiles/cmTryCompileExec4275590112.dir/CheckIncludeFile.cxx.o] Error 1
make[1]: Leaving directory `/home/pf/rosWS/build/CMakeFiles/CMakeTmp'
make: *** [cmTryCompileExec4275590112/fast] Error 2


